<?xml version="1.0" encoding="UTF-8"?>
<!-- Generated by org.testng.reporters.JUnitReportReporter -->
<testsuite hostname="luckymawa" failures="0" tests="3" name="com.Amazokart.kidsproducttest.Kidsproducttest5" time="0.005" errors="0" timestamp="2024-08-08T10:49:06 IST" skipped="0">
  <testcase classname="com.Amazokart.kidsproducttest.Kidsproducttest5" name="addproduct" time="0.001"/>
  <system-out>
Addproduct kids--successfully  </system-out>
  <testcase classname="com.Amazokart.kidsproducttest.Kidsproducttest5" name="updateproduct" time="0.003"/>
  <system-out>
update--kids product successfully  </system-out>
  <testcase classname="com.Amazokart.kidsproducttest.Kidsproducttest5" name="deleteproduct" time="0.001"/>
  <system-out>
deleteproduct---kids PRD successfully  </system-out>
</testsuite> <!-- com.Amazokart.kidsproducttest.Kidsproducttest5 -->
