<?xml version="1.0" encoding="UTF-8"?>
<!-- Generated by org.testng.reporters.JUnitReportReporter -->
<testsuite hostname="luckymawa" failures="0" tests="4" name="com.Amazokart.kidsproducttest.Kidsproducttest1" time="0.004" errors="0" timestamp="2024-08-08T10:49:06 IST" skipped="1">
  <testcase classname="com.Amazokart.kidsproducttest.Kidsproducttest1" name="addproduct" time="0.002"/>
  <system-out>
Addproduct kids product 1 --successfully  </system-out>
  <testcase classname="com.Amazokart.kidsproducttest.Kidsproducttest1" name="addproduct" time="0.001"/>
  <system-out>
Addproduct kids product 1 --successfully  </system-out>
  <testcase classname="com.Amazokart.kidsproducttest.Kidsproducttest1" name="updateproduct" time="0.001"/>
  <system-out>
update--kids product 1 successfully  </system-out>
  <testcase classname="com.Amazokart.kidsproducttest.Kidsproducttest1" name="deleteproduct">
    <skipped/>
  </testcase> <!-- deleteproduct -->
  <system-out/>
</testsuite> <!-- com.Amazokart.kidsproducttest.Kidsproducttest1 -->
