<?xml version="1.0" encoding="UTF-8"?>
<!-- Generated by org.testng.reporters.JUnitReportReporter -->
<testsuite hostname="luckymawa" failures="0" tests="4" name="com.Amazokart.kidsproducttest.Kidsproducttest3" time="0.001" errors="0" timestamp="2024-08-08T10:49:06 IST" skipped="1">
  <testcase classname="com.Amazokart.kidsproducttest.Kidsproducttest3" name="addproduct" time="0.000"/>
  <system-out>
Addproduct kids--successfully  </system-out>
  <testcase classname="com.Amazokart.kidsproducttest.Kidsproducttest3" name="addproduct" time="0.001"/>
  <system-out>
Addproduct kids--successfully  </system-out>
  <testcase classname="com.Amazokart.kidsproducttest.Kidsproducttest3" name="updateproduct" time="0.000"/>
  <system-out>
update--kids product successfully  </system-out>
  <testcase classname="com.Amazokart.kidsproducttest.Kidsproducttest3" name="deleteproduct">
    <skipped/>
  </testcase> <!-- deleteproduct -->
  <system-out/>
</testsuite> <!-- com.Amazokart.kidsproducttest.Kidsproducttest3 -->
