<?xml version="1.0" encoding="UTF-8"?>
<!-- Generated by org.testng.reporters.JUnitReportReporter -->
<testsuite hostname="luckymawa" failures="0" tests="4" name="com.flippokart.regester.test.RegisterTest" time="1.711" errors="0" timestamp="2024-08-08T10:47:47 IST" skipped="1">
  <testcase classname="com.flippokart.regester.test.RegisterTest" name="createUser_invalidData" time="0.495"/>
  <system-out>
hhh  </system-out>
  <testcase classname="com.flippokart.regester.test.RegisterTest" name="createUser_invalidData" time="0.623"/>
  <system-out>
hhh  </system-out>
  <testcase classname="com.flippokart.regester.test.RegisterTest" name="createUser_invalidData" time="0.593"/>
  <system-out>
hhh  </system-out>
  <testcase classname="com.flippokart.regester.test.RegisterTest" name="createUser">
    <skipped/>
  </testcase> <!-- createUser -->
  <system-out/>
</testsuite> <!-- com.flippokart.regester.test.RegisterTest -->
